Sat 04 Apr 2026 20:54:15 INFO  
General Hyper Parameters:
gpu_id = 0
use_gpu = True
seed = 2020
state = INFO
reproducibility = True
data_path = dataset/ml
checkpoint_dir = saved
show_progress = False
save_dataset = False
dataset_save_path = None
save_dataloaders = False
dataloaders_save_path = None
log_wandb = False

Training Hyper Parameters:
epochs = 200
train_batch_size = 2048
learner = adam
learning_rate = 0.005
train_neg_sample_args = {'distribution': 'popularity', 'sample_num': 2, 'alpha': 1.0, 'dynamic': False, 'candidate_num': 0}
eval_step = 1
stopping_step = 10
clip_grad_norm = None
weight_decay = 0.0
loss_decimal_place = 4

Evaluation Hyper Parameters:
eval_args = {'mode': 'full', 'order': 'RO', 'group_by': 'user', 'split': {'RS': [0.8, 0.1, 0.1]}}
repeatable = False
metrics = ['Recall', 'MRR', 'NDCG', 'Hit', 'Precision']
topk = [10]
valid_metric = NDCG@10
valid_metric_bigger = True
eval_batch_size = 4096
metric_decimal_place = 4

Dataset Hyper Parameters:
field_separator = 	
seq_separator =  
USER_ID_FIELD = user_id
ITEM_ID_FIELD = item_id
RATING_FIELD = rating
TIME_FIELD = timestamp
seq_len = None
LABEL_FIELD = label
threshold = None
NEG_PREFIX = neg_
load_col = {'inter': ['user_id', 'item_id', 'rating', 'timestamp', 'intervene_mask']}
unload_col = None
unused_col = None
additional_feat_suffix = None
rm_dup_inter = None
val_interval = None
filter_inter_by_user_or_item = True
user_inter_num_interval = [0,inf)
item_inter_num_interval = [0,inf)
alias_of_user_id = None
alias_of_item_id = None
alias_of_entity_id = None
alias_of_relation_id = None
preload_weight = None
normalize_field = None
normalize_all = None
ITEM_LIST_LENGTH_FIELD = item_length
LIST_SUFFIX = _list
MAX_ITEM_LIST_LENGTH = 50
POSITION_FIELD = position_id
HEAD_ENTITY_ID_FIELD = head_id
TAIL_ENTITY_ID_FIELD = tail_id
RELATION_ID_FIELD = relation_id
ENTITY_ID_FIELD = entity_id
benchmark_filename = ['train', 'valid', 'test']

Other Hyper Parameters: 
worker = 0
wandb_project = recbole_debias
shuffle = True
require_pow = False
enable_amp = False
enable_scaler = False
transform = None
numerical_features = []
discretization = None
kg_reverse_r = False
entity_kg_num_interval = [0,inf)
relation_kg_num_interval = [0,inf)
MODEL_TYPE = ModelType.DEBIAS
embedding_size = 16
dis_loss = L1
dis_pen = 0.005
int_weight = 0.5
pop_weight = 0.0001
adaptive = False
decay = 0.9
MASK_FIELD = mask
eval_neg_sample_args = {'distribution': 'uniform', 'sample_num': 'none'}
MODEL_INPUT_TYPE = InputType.PAIRWISE
eval_type = EvaluatorType.RANKING
single_spec = True
local_rank = 0
device = cpu


Sat 04 Apr 2026 20:54:15 INFO  ml
The number of users: 944
Average actions of users: 79.33934252386003
The number of items: 1683
Average actions of items: 44.480975029726515
The number of inters: 74817
The sparsity of the dataset: 95.29083204930663%
Remain Fields: ['user_id', 'item_id', 'rating', 'timestamp', 'intervene_mask']
Sat 04 Apr 2026 20:54:15 INFO  [Training]: train_batch_size = [2048] train_neg_sample_args: [{'distribution': 'popularity', 'sample_num': 2, 'alpha': 1.0, 'dynamic': False, 'candidate_num': 0}]
Sat 04 Apr 2026 20:54:15 INFO  [Evaluation]: eval_batch_size = [4096] eval_args: [{'mode': 'full', 'order': 'RO', 'group_by': 'user', 'split': {'RS': [0.8, 0.1, 0.1]}}]
Sat 04 Apr 2026 20:54:15 INFO  DICE(
  (users_int): Embedding(944, 16)
  (items_int): Embedding(1683, 16)
  (users_pop): Embedding(944, 16)
  (items_pop): Embedding(1683, 16)
  (criterion_discrepancy): L1Loss()
)
Trainable parameters: 84064
Sat 04 Apr 2026 20:54:15 INFO  FLOPs: 0.0
Sat 04 Apr 2026 20:54:17 INFO  epoch 0 training [time: 0.37s, train_loss1: 51.8229, train_loss2: 38.0851, train_loss3: 27.4789, train_loss4: 38.1385, train_loss5: 1.0912]
Sat 04 Apr 2026 20:54:17 INFO  epoch 0 evaluating [time: 0.14s, valid_score: 0.017100]
Sat 04 Apr 2026 20:54:17 INFO  valid result: 
recall@10 : 0.0195    mrr@10 : 0.0313    ndcg@10 : 0.0171    hit@10 : 0.1112    precision@10 : 0.0126
Sat 04 Apr 2026 20:54:17 INFO  Saving current: saved\DICE-Apr-04-2026_20-54-16.pth
Sat 04 Apr 2026 20:54:18 INFO  epoch 1 training [time: 0.40s, train_loss1: 46.4590, train_loss2: 33.8759, train_loss3: 25.1634, train_loss4: 40.2042, train_loss5: 0.5200]
Sat 04 Apr 2026 20:54:18 INFO  epoch 1 evaluating [time: 0.14s, valid_score: 0.030100]
Sat 04 Apr 2026 20:54:18 INFO  valid result: 
recall@10 : 0.0378    mrr@10 : 0.0546    ndcg@10 : 0.0301    hit@10 : 0.1769    precision@10 : 0.0191
Sat 04 Apr 2026 20:54:18 INFO  Saving current: saved\DICE-Apr-04-2026_20-54-16.pth
Sat 04 Apr 2026 20:54:18 INFO  epoch 2 training [time: 0.42s, train_loss1: 30.2475, train_loss2: 22.6652, train_loss3: 15.2062, train_loss4: 44.6894, train_loss5: 5.0547]
Sat 04 Apr 2026 20:54:18 INFO  epoch 2 evaluating [time: 0.15s, valid_score: 0.031300]
Sat 04 Apr 2026 20:54:18 INFO  valid result: 
recall@10 : 0.0382    mrr@10 : 0.0584    ndcg@10 : 0.0313    hit@10 : 0.178    precision@10 : 0.0195
Sat 04 Apr 2026 20:54:18 INFO  Saving current: saved\DICE-Apr-04-2026_20-54-16.pth
Sat 04 Apr 2026 20:54:19 INFO  epoch 3 training [time: 0.36s, train_loss1: 24.5859, train_loss2: 19.5804, train_loss3: 10.1071, train_loss4: 38.6045, train_loss5: 10.3725]
Sat 04 Apr 2026 20:54:19 INFO  epoch 3 evaluating [time: 0.14s, valid_score: 0.040800]
Sat 04 Apr 2026 20:54:19 INFO  valid result: 
recall@10 : 0.0536    mrr@10 : 0.0706    ndcg@10 : 0.0408    hit@10 : 0.2258    precision@10 : 0.0261
Sat 04 Apr 2026 20:54:19 INFO  Saving current: saved\DICE-Apr-04-2026_20-54-16.pth
Sat 04 Apr 2026 20:54:19 INFO  epoch 4 training [time: 0.33s, train_loss1: 21.7417, train_loss2: 17.9410, train_loss3: 7.7236, train_loss4: 30.0048, train_loss5: 12.8141]
Sat 04 Apr 2026 20:54:19 INFO  epoch 4 evaluating [time: 0.13s, valid_score: 0.043500]
Sat 04 Apr 2026 20:54:19 INFO  valid result: 
recall@10 : 0.0557    mrr@10 : 0.074    ndcg@10 : 0.0435    hit@10 : 0.2258    precision@10 : 0.0263
Sat 04 Apr 2026 20:54:19 INFO  Saving current: saved\DICE-Apr-04-2026_20-54-16.pth
Sat 04 Apr 2026 20:54:20 INFO  epoch 5 training [time: 0.33s, train_loss1: 19.3701, train_loss2: 16.5462, train_loss3: 5.7930, train_loss4: 23.1317, train_loss5: 14.9821]
Sat 04 Apr 2026 20:54:20 INFO  epoch 5 evaluating [time: 0.13s, valid_score: 0.043300]
Sat 04 Apr 2026 20:54:20 INFO  valid result: 
recall@10 : 0.0557    mrr@10 : 0.0722    ndcg@10 : 0.0433    hit@10 : 0.2258    precision@10 : 0.0266
Sat 04 Apr 2026 20:54:20 INFO  epoch 6 training [time: 0.33s, train_loss1: 17.7642, train_loss2: 15.5061, train_loss3: 4.6757, train_loss4: 19.6315, train_loss5: 16.3479]
Sat 04 Apr 2026 20:54:20 INFO  epoch 6 evaluating [time: 0.13s, valid_score: 0.045200]
Sat 04 Apr 2026 20:54:20 INFO  valid result: 
recall@10 : 0.061    mrr@10 : 0.0738    ndcg@10 : 0.0452    hit@10 : 0.2403    precision@10 : 0.0268
Sat 04 Apr 2026 20:54:20 INFO  Saving current: saved\DICE-Apr-04-2026_20-54-16.pth
Sat 04 Apr 2026 20:54:21 INFO  epoch 7 training [time: 0.32s, train_loss1: 16.5708, train_loss2: 14.6629, train_loss3: 3.9830, train_loss4: 17.6594, train_loss5: 17.0654]
Sat 04 Apr 2026 20:54:21 INFO  epoch 7 evaluating [time: 0.12s, valid_score: 0.048200]
Sat 04 Apr 2026 20:54:21 INFO  valid result: 
recall@10 : 0.0682    mrr@10 : 0.0755    ndcg@10 : 0.0482    hit@10 : 0.2592    precision@10 : 0.0299
Sat 04 Apr 2026 20:54:21 INFO  Saving current: saved\DICE-Apr-04-2026_20-54-16.pth
Sat 04 Apr 2026 20:54:21 INFO  epoch 8 training [time: 0.33s, train_loss1: 15.6310, train_loss2: 14.0017, train_loss3: 3.4291, train_loss4: 16.1530, train_loss5: 17.3849]
Sat 04 Apr 2026 20:54:21 INFO  epoch 8 evaluating [time: 0.13s, valid_score: 0.049700]
Sat 04 Apr 2026 20:54:21 INFO  valid result: 
recall@10 : 0.0662    mrr@10 : 0.0853    ndcg@10 : 0.0497    hit@10 : 0.2614    precision@10 : 0.0306
Sat 04 Apr 2026 20:54:21 INFO  Saving current: saved\DICE-Apr-04-2026_20-54-16.pth
Sat 04 Apr 2026 20:54:22 INFO  epoch 9 training [time: 0.32s, train_loss1: 15.0609, train_loss2: 13.5768, train_loss3: 3.1406, train_loss4: 15.2516, train_loss5: 17.5509]
Sat 04 Apr 2026 20:54:22 INFO  epoch 9 evaluating [time: 0.13s, valid_score: 0.048700]
Sat 04 Apr 2026 20:54:22 INFO  valid result: 
recall@10 : 0.0645    mrr@10 : 0.0823    ndcg@10 : 0.0487    hit@10 : 0.2547    precision@10 : 0.029
Sat 04 Apr 2026 20:54:22 INFO  epoch 10 training [time: 0.33s, train_loss1: 14.6428, train_loss2: 13.2626, train_loss3: 2.9334, train_loss4: 14.4349, train_loss5: 17.5686]
Sat 04 Apr 2026 20:54:22 INFO  epoch 10 evaluating [time: 0.13s, valid_score: 0.049700]
Sat 04 Apr 2026 20:54:22 INFO  valid result: 
recall@10 : 0.064    mrr@10 : 0.0852    ndcg@10 : 0.0497    hit@10 : 0.2547    precision@10 : 0.0304
Sat 04 Apr 2026 20:54:22 INFO  Saving current: saved\DICE-Apr-04-2026_20-54-16.pth
Sat 04 Apr 2026 20:54:23 INFO  epoch 11 training [time: 0.33s, train_loss1: 13.9569, train_loss2: 12.6788, train_loss3: 2.7285, train_loss4: 13.9774, train_loss5: 17.5165]
Sat 04 Apr 2026 20:54:23 INFO  epoch 11 evaluating [time: 0.13s, valid_score: 0.052000]
Sat 04 Apr 2026 20:54:23 INFO  valid result: 
recall@10 : 0.0668    mrr@10 : 0.0885    ndcg@10 : 0.052    hit@10 : 0.2636    precision@10 : 0.0315
Sat 04 Apr 2026 20:54:23 INFO  Saving current: saved\DICE-Apr-04-2026_20-54-16.pth
Sat 04 Apr 2026 20:54:23 INFO  epoch 12 training [time: 0.32s, train_loss1: 13.5721, train_loss2: 12.3707, train_loss3: 2.5744, train_loss4: 13.4847, train_loss5: 17.4457]
Sat 04 Apr 2026 20:54:23 INFO  epoch 12 evaluating [time: 0.13s, valid_score: 0.051600]
Sat 04 Apr 2026 20:54:23 INFO  valid result: 
recall@10 : 0.0734    mrr@10 : 0.08    ndcg@10 : 0.0516    hit@10 : 0.2792    precision@10 : 0.0333
Sat 04 Apr 2026 20:54:23 INFO  epoch 13 training [time: 0.33s, train_loss1: 13.1718, train_loss2: 12.0655, train_loss3: 2.3837, train_loss4: 13.0448, train_loss5: 17.3610]
Sat 04 Apr 2026 20:54:24 INFO  epoch 13 evaluating [time: 0.13s, valid_score: 0.051900]
Sat 04 Apr 2026 20:54:24 INFO  valid result: 
recall@10 : 0.0665    mrr@10 : 0.0896    ndcg@10 : 0.0519    hit@10 : 0.2714    precision@10 : 0.032
Sat 04 Apr 2026 20:54:24 INFO  epoch 14 training [time: 0.34s, train_loss1: 12.9734, train_loss2: 11.9010, train_loss3: 2.3145, train_loss4: 12.7553, train_loss5: 17.2093]
Sat 04 Apr 2026 20:54:24 INFO  epoch 14 evaluating [time: 0.13s, valid_score: 0.054900]
Sat 04 Apr 2026 20:54:24 INFO  valid result: 
recall@10 : 0.071    mrr@10 : 0.0951    ndcg@10 : 0.0549    hit@10 : 0.2881    precision@10 : 0.0344
Sat 04 Apr 2026 20:54:24 INFO  Saving current: saved\DICE-Apr-04-2026_20-54-16.pth
Sat 04 Apr 2026 20:54:24 INFO  epoch 15 training [time: 0.33s, train_loss1: 12.5720, train_loss2: 11.5669, train_loss3: 2.1783, train_loss4: 12.4752, train_loss5: 17.0550]
Sat 04 Apr 2026 20:54:24 INFO  epoch 15 evaluating [time: 0.12s, valid_score: 0.055300]
Sat 04 Apr 2026 20:54:24 INFO  valid result: 
recall@10 : 0.073    mrr@10 : 0.0957    ndcg@10 : 0.0553    hit@10 : 0.2925    precision@10 : 0.0348
Sat 04 Apr 2026 20:54:24 INFO  Saving current: saved\DICE-Apr-04-2026_20-54-16.pth
Sat 04 Apr 2026 20:54:25 INFO  epoch 16 training [time: 0.32s, train_loss1: 12.4673, train_loss2: 11.4926, train_loss3: 2.1163, train_loss4: 12.2391, train_loss5: 16.9395]
Sat 04 Apr 2026 20:54:25 INFO  epoch 16 evaluating [time: 0.13s, valid_score: 0.055500]
Sat 04 Apr 2026 20:54:25 INFO  valid result: 
recall@10 : 0.0705    mrr@10 : 0.0953    ndcg@10 : 0.0555    hit@10 : 0.2903    precision@10 : 0.0341
Sat 04 Apr 2026 20:54:25 INFO  Saving current: saved\DICE-Apr-04-2026_20-54-16.pth
Sat 04 Apr 2026 20:54:25 INFO  epoch 17 training [time: 0.32s, train_loss1: 12.1647, train_loss2: 11.2363, train_loss3: 2.0226, train_loss4: 11.9449, train_loss5: 16.8160]
Sat 04 Apr 2026 20:54:25 INFO  epoch 17 evaluating [time: 0.13s, valid_score: 0.052000]
Sat 04 Apr 2026 20:54:25 INFO  valid result: 
recall@10 : 0.0669    mrr@10 : 0.0953    ndcg@10 : 0.052    hit@10 : 0.2747    precision@10 : 0.0324
Sat 04 Apr 2026 20:54:26 INFO  epoch 18 training [time: 0.32s, train_loss1: 11.7851, train_loss2: 10.8941, train_loss3: 1.9461, train_loss4: 11.8731, train_loss5: 16.6573]
Sat 04 Apr 2026 20:54:26 INFO  epoch 18 evaluating [time: 0.13s, valid_score: 0.059600]
Sat 04 Apr 2026 20:54:26 INFO  valid result: 
recall@10 : 0.0737    mrr@10 : 0.1039    ndcg@10 : 0.0596    hit@10 : 0.2948    precision@10 : 0.0354
Sat 04 Apr 2026 20:54:26 INFO  Saving current: saved\DICE-Apr-04-2026_20-54-16.pth
Sat 04 Apr 2026 20:54:26 INFO  epoch 19 training [time: 0.35s, train_loss1: 11.6761, train_loss2: 10.8129, train_loss3: 1.8895, train_loss4: 11.6613, train_loss5: 16.5483]
Sat 04 Apr 2026 20:54:26 INFO  epoch 19 evaluating [time: 0.15s, valid_score: 0.056500]
Sat 04 Apr 2026 20:54:26 INFO  valid result: 
recall@10 : 0.0679    mrr@10 : 0.1    ndcg@10 : 0.0565    hit@10 : 0.2903    precision@10 : 0.0349
Sat 04 Apr 2026 20:54:27 INFO  epoch 20 training [time: 0.36s, train_loss1: 11.4916, train_loss2: 10.6548, train_loss3: 1.8357, train_loss4: 11.4838, train_loss5: 16.4412]
Sat 04 Apr 2026 20:54:27 INFO  epoch 20 evaluating [time: 0.16s, valid_score: 0.061900]
Sat 04 Apr 2026 20:54:27 INFO  valid result: 
recall@10 : 0.0796    mrr@10 : 0.1082    ndcg@10 : 0.0619    hit@10 : 0.3137    precision@10 : 0.0382
Sat 04 Apr 2026 20:54:27 INFO  Saving current: saved\DICE-Apr-04-2026_20-54-16.pth
Sat 04 Apr 2026 20:54:27 INFO  epoch 21 training [time: 0.38s, train_loss1: 11.3833, train_loss2: 10.5625, train_loss3: 1.8028, train_loss4: 11.3296, train_loss5: 16.3449]
Sat 04 Apr 2026 20:54:27 INFO  epoch 21 evaluating [time: 0.18s, valid_score: 0.060500]
Sat 04 Apr 2026 20:54:27 INFO  valid result: 
recall@10 : 0.0782    mrr@10 : 0.103    ndcg@10 : 0.0605    hit@10 : 0.3092    precision@10 : 0.0369
Sat 04 Apr 2026 20:54:28 INFO  epoch 22 training [time: 0.66s, train_loss1: 11.2521, train_loss2: 10.4490, train_loss3: 1.7656, train_loss4: 11.1772, train_loss5: 16.1760]
Sat 04 Apr 2026 20:54:28 INFO  epoch 22 evaluating [time: 0.29s, valid_score: 0.058000]
Sat 04 Apr 2026 20:54:28 INFO  valid result: 
recall@10 : 0.0739    mrr@10 : 0.098    ndcg@10 : 0.058    hit@10 : 0.2892    precision@10 : 0.0346
Sat 04 Apr 2026 20:54:30 INFO  epoch 23 training [time: 1.24s, train_loss1: 11.1399, train_loss2: 10.3582, train_loss3: 1.7217, train_loss4: 11.1092, train_loss5: 16.0516]
Sat 04 Apr 2026 20:54:30 INFO  epoch 23 evaluating [time: 0.25s, valid_score: 0.060400]
Sat 04 Apr 2026 20:54:30 INFO  valid result: 
recall@10 : 0.0786    mrr@10 : 0.1018    ndcg@10 : 0.0604    hit@10 : 0.307    precision@10 : 0.0368
Sat 04 Apr 2026 20:54:31 INFO  epoch 24 training [time: 0.71s, train_loss1: 10.9309, train_loss2: 10.1813, train_loss3: 1.6563, train_loss4: 10.9401, train_loss5: 15.9366]
Sat 04 Apr 2026 20:54:31 INFO  epoch 24 evaluating [time: 0.19s, valid_score: 0.062200]
Sat 04 Apr 2026 20:54:31 INFO  valid result: 
recall@10 : 0.0759    mrr@10 : 0.114    ndcg@10 : 0.0622    hit@10 : 0.3115    precision@10 : 0.0375
Sat 04 Apr 2026 20:54:31 INFO  Saving current: saved\DICE-Apr-04-2026_20-54-16.pth
Sat 04 Apr 2026 20:54:31 INFO  epoch 25 training [time: 0.45s, train_loss1: 10.9000, train_loss2: 10.1527, train_loss3: 1.6510, train_loss4: 10.8673, train_loss5: 15.8348]
Sat 04 Apr 2026 20:54:31 INFO  epoch 25 evaluating [time: 0.14s, valid_score: 0.058400]
Sat 04 Apr 2026 20:54:31 INFO  valid result: 
recall@10 : 0.0762    mrr@10 : 0.1015    ndcg@10 : 0.0584    hit@10 : 0.3037    precision@10 : 0.0357
Sat 04 Apr 2026 20:54:32 INFO  epoch 26 training [time: 0.35s, train_loss1: 10.8441, train_loss2: 10.1126, train_loss3: 1.6178, train_loss4: 10.7263, train_loss5: 15.6915]
Sat 04 Apr 2026 20:54:32 INFO  epoch 26 evaluating [time: 0.13s, valid_score: 0.057100]
Sat 04 Apr 2026 20:54:32 INFO  valid result: 
recall@10 : 0.0709    mrr@10 : 0.1009    ndcg@10 : 0.0571    hit@10 : 0.3026    precision@10 : 0.0364
Sat 04 Apr 2026 20:54:32 INFO  epoch 27 training [time: 0.36s, train_loss1: 10.6425, train_loss2: 9.9171, train_loss3: 1.6045, train_loss4: 10.6960, train_loss5: 15.5772]
Sat 04 Apr 2026 20:54:32 INFO  epoch 27 evaluating [time: 0.15s, valid_score: 0.061100]
Sat 04 Apr 2026 20:54:32 INFO  valid result: 
recall@10 : 0.0783    mrr@10 : 0.1074    ndcg@10 : 0.0611    hit@10 : 0.3103    precision@10 : 0.0373
Sat 04 Apr 2026 20:54:33 INFO  epoch 28 training [time: 0.36s, train_loss1: 10.6600, train_loss2: 9.9512, train_loss3: 1.5701, train_loss4: 10.6121, train_loss5: 15.4726]
Sat 04 Apr 2026 20:54:33 INFO  epoch 28 evaluating [time: 0.13s, valid_score: 0.062700]
Sat 04 Apr 2026 20:54:33 INFO  valid result: 
recall@10 : 0.0795    mrr@10 : 0.1117    ndcg@10 : 0.0627    hit@10 : 0.3192    precision@10 : 0.0366
Sat 04 Apr 2026 20:54:33 INFO  Saving current: saved\DICE-Apr-04-2026_20-54-16.pth
Sat 04 Apr 2026 20:54:33 INFO  epoch 29 training [time: 0.36s, train_loss1: 10.5443, train_loss2: 9.8629, train_loss3: 1.5141, train_loss4: 10.5306, train_loss5: 15.3437]
Sat 04 Apr 2026 20:54:33 INFO  epoch 29 evaluating [time: 0.14s, valid_score: 0.064600]
Sat 04 Apr 2026 20:54:33 INFO  valid result: 
recall@10 : 0.0796    mrr@10 : 0.1163    ndcg@10 : 0.0646    hit@10 : 0.3215    precision@10 : 0.0378
Sat 04 Apr 2026 20:54:33 INFO  Saving current: saved\DICE-Apr-04-2026_20-54-16.pth
Sat 04 Apr 2026 20:54:34 INFO  epoch 30 training [time: 0.35s, train_loss1: 10.5211, train_loss2: 9.8164, train_loss3: 1.5596, train_loss4: 10.4054, train_loss5: 15.2421]
Sat 04 Apr 2026 20:54:34 INFO  epoch 30 evaluating [time: 0.14s, valid_score: 0.058100]
Sat 04 Apr 2026 20:54:34 INFO  valid result: 
recall@10 : 0.0731    mrr@10 : 0.1052    ndcg@10 : 0.0581    hit@10 : 0.3081    precision@10 : 0.0356
Sat 04 Apr 2026 20:54:34 INFO  epoch 31 training [time: 0.42s, train_loss1: 10.3077, train_loss2: 9.6393, train_loss3: 1.4863, train_loss4: 10.2957, train_loss5: 15.1506]
Sat 04 Apr 2026 20:54:34 INFO  epoch 31 evaluating [time: 0.15s, valid_score: 0.063100]
Sat 04 Apr 2026 20:54:34 INFO  valid result: 
recall@10 : 0.0779    mrr@10 : 0.1139    ndcg@10 : 0.0631    hit@10 : 0.3204    precision@10 : 0.0374
Sat 04 Apr 2026 20:54:35 INFO  epoch 32 training [time: 0.35s, train_loss1: 10.3690, train_loss2: 9.7119, train_loss3: 1.4627, train_loss4: 10.2785, train_loss5: 15.0533]
Sat 04 Apr 2026 20:54:35 INFO  epoch 32 evaluating [time: 0.14s, valid_score: 0.061700]
Sat 04 Apr 2026 20:54:35 INFO  valid result: 
recall@10 : 0.0727    mrr@10 : 0.1126    ndcg@10 : 0.0617    hit@10 : 0.3248    precision@10 : 0.0383
Sat 04 Apr 2026 20:54:35 INFO  epoch 33 training [time: 0.36s, train_loss1: 10.1733, train_loss2: 9.5209, train_loss3: 1.4525, train_loss4: 10.2568, train_loss5: 14.9579]
Sat 04 Apr 2026 20:54:35 INFO  epoch 33 evaluating [time: 0.14s, valid_score: 0.058000]
Sat 04 Apr 2026 20:54:35 INFO  valid result: 
recall@10 : 0.0715    mrr@10 : 0.1059    ndcg@10 : 0.058    hit@10 : 0.3014    precision@10 : 0.0354
Sat 04 Apr 2026 20:54:36 INFO  epoch 34 training [time: 0.35s, train_loss1: 10.1877, train_loss2: 9.5638, train_loss3: 1.3945, train_loss4: 10.1037, train_loss5: 14.8788]
Sat 04 Apr 2026 20:54:36 INFO  epoch 34 evaluating [time: 0.13s, valid_score: 0.061500]
Sat 04 Apr 2026 20:54:36 INFO  valid result: 
recall@10 : 0.079    mrr@10 : 0.1071    ndcg@10 : 0.0615    hit@10 : 0.317    precision@10 : 0.0368
Sat 04 Apr 2026 20:54:36 INFO  epoch 35 training [time: 0.34s, train_loss1: 10.1086, train_loss2: 9.4793, train_loss3: 1.4045, train_loss4: 10.0458, train_loss5: 14.7812]
Sat 04 Apr 2026 20:54:36 INFO  epoch 35 evaluating [time: 0.14s, valid_score: 0.066900]
Sat 04 Apr 2026 20:54:36 INFO  valid result: 
recall@10 : 0.0876    mrr@10 : 0.1156    ndcg@10 : 0.0669    hit@10 : 0.3404    precision@10 : 0.0395
Sat 04 Apr 2026 20:54:36 INFO  Saving current: saved\DICE-Apr-04-2026_20-54-16.pth
Sat 04 Apr 2026 20:54:37 INFO  epoch 36 training [time: 0.84s, train_loss1: 9.9772, train_loss2: 9.3682, train_loss3: 1.3629, train_loss4: 9.9805, train_loss5: 14.6853]
Sat 04 Apr 2026 20:54:37 INFO  epoch 36 evaluating [time: 0.16s, valid_score: 0.064400]
Sat 04 Apr 2026 20:54:37 INFO  valid result: 
recall@10 : 0.0827    mrr@10 : 0.112    ndcg@10 : 0.0644    hit@10 : 0.3226    precision@10 : 0.0385
Sat 04 Apr 2026 20:54:38 INFO  epoch 37 training [time: 0.40s, train_loss1: 10.0292, train_loss2: 9.4325, train_loss3: 1.3376, train_loss4: 9.8347, train_loss5: 14.6192]
Sat 04 Apr 2026 20:54:38 INFO  epoch 37 evaluating [time: 0.14s, valid_score: 0.061700]
Sat 04 Apr 2026 20:54:38 INFO  valid result: 
recall@10 : 0.0794    mrr@10 : 0.1085    ndcg@10 : 0.0617    hit@10 : 0.3259    precision@10 : 0.0392
Sat 04 Apr 2026 20:54:38 INFO  epoch 38 training [time: 0.41s, train_loss1: 10.0421, train_loss2: 9.4319, train_loss3: 1.3637, train_loss4: 9.8855, train_loss5: 14.5335]
Sat 04 Apr 2026 20:54:38 INFO  epoch 38 evaluating [time: 0.13s, valid_score: 0.064700]
Sat 04 Apr 2026 20:54:38 INFO  valid result: 
recall@10 : 0.081    mrr@10 : 0.1144    ndcg@10 : 0.0647    hit@10 : 0.3259    precision@10 : 0.0389
Sat 04 Apr 2026 20:54:39 INFO  epoch 39 training [time: 0.47s, train_loss1: 9.8785, train_loss2: 9.2837, train_loss3: 1.3318, train_loss4: 9.7447, train_loss5: 14.4248]
Sat 04 Apr 2026 20:54:39 INFO  epoch 39 evaluating [time: 0.16s, valid_score: 0.063700]
Sat 04 Apr 2026 20:54:39 INFO  valid result: 
recall@10 : 0.0799    mrr@10 : 0.1091    ndcg@10 : 0.0637    hit@10 : 0.3204    precision@10 : 0.0388
Sat 04 Apr 2026 20:54:40 INFO  epoch 40 training [time: 0.44s, train_loss1: 9.8525, train_loss2: 9.2583, train_loss3: 1.3297, train_loss4: 9.7176, train_loss5: 14.3410]
Sat 04 Apr 2026 20:54:40 INFO  epoch 40 evaluating [time: 0.13s, valid_score: 0.063400]
Sat 04 Apr 2026 20:54:40 INFO  valid result: 
recall@10 : 0.0831    mrr@10 : 0.1096    ndcg@10 : 0.0634    hit@10 : 0.3382    precision@10 : 0.0383
Sat 04 Apr 2026 20:54:40 INFO  epoch 41 training [time: 0.40s, train_loss1: 9.8174, train_loss2: 9.2273, train_loss3: 1.3211, train_loss4: 9.6599, train_loss5: 14.3038]
Sat 04 Apr 2026 20:54:40 INFO  epoch 41 evaluating [time: 0.15s, valid_score: 0.065200]
Sat 04 Apr 2026 20:54:40 INFO  valid result: 
recall@10 : 0.0809    mrr@10 : 0.1134    ndcg@10 : 0.0652    hit@10 : 0.3259    precision@10 : 0.0388
Sat 04 Apr 2026 20:54:41 INFO  epoch 42 training [time: 0.43s, train_loss1: 9.7510, train_loss2: 9.1875, train_loss3: 1.2670, train_loss4: 9.5904, train_loss5: 14.1967]
Sat 04 Apr 2026 20:54:41 INFO  epoch 42 evaluating [time: 0.14s, valid_score: 0.062300]
Sat 04 Apr 2026 20:54:41 INFO  valid result: 
recall@10 : 0.0787    mrr@10 : 0.1102    ndcg@10 : 0.0623    hit@10 : 0.3215    precision@10 : 0.0376
Sat 04 Apr 2026 20:54:41 INFO  epoch 43 training [time: 0.42s, train_loss1: 9.6282, train_loss2: 9.0733, train_loss3: 1.2492, train_loss4: 9.5227, train_loss5: 14.1362]
Sat 04 Apr 2026 20:54:41 INFO  epoch 43 evaluating [time: 0.15s, valid_score: 0.067500]
Sat 04 Apr 2026 20:54:41 INFO  valid result: 
recall@10 : 0.0888    mrr@10 : 0.1143    ndcg@10 : 0.0675    hit@10 : 0.3337    precision@10 : 0.0405
Sat 04 Apr 2026 20:54:41 INFO  Saving current: saved\DICE-Apr-04-2026_20-54-16.pth
Sat 04 Apr 2026 20:54:42 INFO  epoch 44 training [time: 0.39s, train_loss1: 9.6920, train_loss2: 9.1159, train_loss3: 1.2910, train_loss4: 9.5579, train_loss5: 14.0777]
Sat 04 Apr 2026 20:54:42 INFO  epoch 44 evaluating [time: 0.14s, valid_score: 0.063300]
Sat 04 Apr 2026 20:54:42 INFO  valid result: 
recall@10 : 0.0801    mrr@10 : 0.1106    ndcg@10 : 0.0633    hit@10 : 0.3326    precision@10 : 0.0388
Sat 04 Apr 2026 20:54:42 INFO  epoch 45 training [time: 0.46s, train_loss1: 9.6986, train_loss2: 9.1412, train_loss3: 1.2530, train_loss4: 9.3800, train_loss5: 14.0163]
Sat 04 Apr 2026 20:54:43 INFO  epoch 45 evaluating [time: 0.18s, valid_score: 0.061800]
Sat 04 Apr 2026 20:54:43 INFO  valid result: 
recall@10 : 0.079    mrr@10 : 0.1079    ndcg@10 : 0.0618    hit@10 : 0.3215    precision@10 : 0.0383
Sat 04 Apr 2026 20:54:43 INFO  epoch 46 training [time: 0.45s, train_loss1: 9.6511, train_loss2: 9.0819, train_loss3: 1.2757, train_loss4: 9.4616, train_loss5: 13.9242]
Sat 04 Apr 2026 20:54:43 INFO  epoch 46 evaluating [time: 0.21s, valid_score: 0.068300]
Sat 04 Apr 2026 20:54:43 INFO  valid result: 
recall@10 : 0.0884    mrr@10 : 0.117    ndcg@10 : 0.0683    hit@10 : 0.3482    precision@10 : 0.041
Sat 04 Apr 2026 20:54:43 INFO  Saving current: saved\DICE-Apr-04-2026_20-54-16.pth
Sat 04 Apr 2026 20:54:44 INFO  epoch 47 training [time: 0.47s, train_loss1: 9.6792, train_loss2: 9.1389, train_loss3: 1.2176, train_loss4: 9.3949, train_loss5: 13.8794]
Sat 04 Apr 2026 20:54:44 INFO  epoch 47 evaluating [time: 0.16s, valid_score: 0.067700]
Sat 04 Apr 2026 20:54:44 INFO  valid result: 
recall@10 : 0.0873    mrr@10 : 0.1145    ndcg@10 : 0.0677    hit@10 : 0.3348    precision@10 : 0.0402
Sat 04 Apr 2026 20:54:44 INFO  epoch 48 training [time: 0.37s, train_loss1: 9.5128, train_loss2: 8.9759, train_loss3: 1.2099, train_loss4: 9.2345, train_loss5: 13.8080]
Sat 04 Apr 2026 20:54:44 INFO  epoch 48 evaluating [time: 0.15s, valid_score: 0.064900]
Sat 04 Apr 2026 20:54:44 INFO  valid result: 
recall@10 : 0.0835    mrr@10 : 0.1114    ndcg@10 : 0.0649    hit@10 : 0.3281    precision@10 : 0.0386
Sat 04 Apr 2026 20:54:45 INFO  epoch 49 training [time: 0.40s, train_loss1: 9.6010, train_loss2: 9.0520, train_loss3: 1.2337, train_loss4: 9.1903, train_loss5: 13.7536]
Sat 04 Apr 2026 20:54:45 INFO  epoch 49 evaluating [time: 0.16s, valid_score: 0.066700]
Sat 04 Apr 2026 20:54:45 INFO  valid result: 
recall@10 : 0.0831    mrr@10 : 0.1164    ndcg@10 : 0.0667    hit@10 : 0.3359    precision@10 : 0.0397
Sat 04 Apr 2026 20:54:45 INFO  epoch 50 training [time: 0.39s, train_loss1: 9.5211, train_loss2: 8.9840, train_loss3: 1.2093, train_loss4: 9.2857, train_loss5: 13.6901]
Sat 04 Apr 2026 20:54:45 INFO  epoch 50 evaluating [time: 0.15s, valid_score: 0.063400]
Sat 04 Apr 2026 20:54:45 INFO  valid result: 
recall@10 : 0.085    mrr@10 : 0.11    ndcg@10 : 0.0634    hit@10 : 0.3315    precision@10 : 0.0388
Sat 04 Apr 2026 20:54:46 INFO  epoch 51 training [time: 0.41s, train_loss1: 9.5441, train_loss2: 9.0019, train_loss3: 1.2187, train_loss4: 9.1753, train_loss5: 13.6305]
Sat 04 Apr 2026 20:54:46 INFO  epoch 51 evaluating [time: 0.17s, valid_score: 0.069900]
Sat 04 Apr 2026 20:54:46 INFO  valid result: 
recall@10 : 0.0898    mrr@10 : 0.1184    ndcg@10 : 0.0699    hit@10 : 0.3426    precision@10 : 0.0415
Sat 04 Apr 2026 20:54:46 INFO  Saving current: saved\DICE-Apr-04-2026_20-54-16.pth
Sat 04 Apr 2026 20:54:47 INFO  epoch 52 training [time: 0.50s, train_loss1: 9.5397, train_loss2: 9.0036, train_loss3: 1.2062, train_loss4: 9.1576, train_loss5: 13.5839]
Sat 04 Apr 2026 20:54:47 INFO  epoch 52 evaluating [time: 0.19s, valid_score: 0.061800]
Sat 04 Apr 2026 20:54:47 INFO  valid result: 
recall@10 : 0.0761    mrr@10 : 0.1118    ndcg@10 : 0.0618    hit@10 : 0.3215    precision@10 : 0.0385
Sat 04 Apr 2026 20:54:47 INFO  epoch 53 training [time: 0.42s, train_loss1: 9.3988, train_loss2: 8.8851, train_loss3: 1.1606, train_loss4: 9.1168, train_loss5: 13.4958]
Sat 04 Apr 2026 20:54:47 INFO  epoch 53 evaluating [time: 0.15s, valid_score: 0.065200]
Sat 04 Apr 2026 20:54:47 INFO  valid result: 
recall@10 : 0.0803    mrr@10 : 0.1168    ndcg@10 : 0.0652    hit@10 : 0.3281    precision@10 : 0.0392
Sat 04 Apr 2026 20:54:48 INFO  epoch 54 training [time: 0.39s, train_loss1: 9.4502, train_loss2: 8.9402, train_loss3: 1.1526, train_loss4: 9.0330, train_loss5: 13.4335]
Sat 04 Apr 2026 20:54:48 INFO  epoch 54 evaluating [time: 0.18s, valid_score: 0.064700]
Sat 04 Apr 2026 20:54:48 INFO  valid result: 
recall@10 : 0.0847    mrr@10 : 0.1116    ndcg@10 : 0.0647    hit@10 : 0.337    precision@10 : 0.0402
Sat 04 Apr 2026 20:54:48 INFO  epoch 55 training [time: 0.40s, train_loss1: 9.4126, train_loss2: 8.8947, train_loss3: 1.1676, train_loss4: 9.0012, train_loss5: 13.3532]
Sat 04 Apr 2026 20:54:48 INFO  epoch 55 evaluating [time: 0.21s, valid_score: 0.068600]
Sat 04 Apr 2026 20:54:48 INFO  valid result: 
recall@10 : 0.0889    mrr@10 : 0.1202    ndcg@10 : 0.0686    hit@10 : 0.3437    precision@10 : 0.0402
Sat 04 Apr 2026 20:54:49 INFO  epoch 56 training [time: 0.43s, train_loss1: 9.4494, train_loss2: 8.9344, train_loss3: 1.1616, train_loss4: 8.9794, train_loss5: 13.3359]
Sat 04 Apr 2026 20:54:49 INFO  epoch 56 evaluating [time: 0.17s, valid_score: 0.064100]
Sat 04 Apr 2026 20:54:49 INFO  valid result: 
recall@10 : 0.0828    mrr@10 : 0.1108    ndcg@10 : 0.0641    hit@10 : 0.3248    precision@10 : 0.0384
Sat 04 Apr 2026 20:54:49 INFO  epoch 57 training [time: 0.39s, train_loss1: 9.4459, train_loss2: 8.9193, train_loss3: 1.1841, train_loss4: 8.9380, train_loss5: 13.2673]
Sat 04 Apr 2026 20:54:50 INFO  epoch 57 evaluating [time: 0.15s, valid_score: 0.065800]
Sat 04 Apr 2026 20:54:50 INFO  valid result: 
recall@10 : 0.0845    mrr@10 : 0.1165    ndcg@10 : 0.0658    hit@10 : 0.3459    precision@10 : 0.04
Sat 04 Apr 2026 20:54:50 INFO  epoch 58 training [time: 0.41s, train_loss1: 9.4135, train_loss2: 8.8818, train_loss3: 1.1939, train_loss4: 8.8787, train_loss5: 13.2195]
Sat 04 Apr 2026 20:54:50 INFO  epoch 58 evaluating [time: 0.16s, valid_score: 0.062000]
Sat 04 Apr 2026 20:54:50 INFO  valid result: 
recall@10 : 0.0763    mrr@10 : 0.1113    ndcg@10 : 0.062    hit@10 : 0.3237    precision@10 : 0.0384
Sat 04 Apr 2026 20:54:51 INFO  epoch 59 training [time: 0.38s, train_loss1: 9.4602, train_loss2: 8.9465, train_loss3: 1.1572, train_loss4: 8.9097, train_loss5: 13.1564]
Sat 04 Apr 2026 20:54:51 INFO  epoch 59 evaluating [time: 0.13s, valid_score: 0.066600]
Sat 04 Apr 2026 20:54:51 INFO  valid result: 
recall@10 : 0.089    mrr@10 : 0.112    ndcg@10 : 0.0666    hit@10 : 0.3504    precision@10 : 0.04
Sat 04 Apr 2026 20:54:51 INFO  epoch 60 training [time: 0.38s, train_loss1: 9.4067, train_loss2: 8.8945, train_loss3: 1.1538, train_loss4: 8.9146, train_loss5: 13.1286]
Sat 04 Apr 2026 20:54:51 INFO  epoch 60 evaluating [time: 0.16s, valid_score: 0.062300]
Sat 04 Apr 2026 20:54:51 INFO  valid result: 
recall@10 : 0.0805    mrr@10 : 0.1079    ndcg@10 : 0.0623    hit@10 : 0.3315    precision@10 : 0.0392
Sat 04 Apr 2026 20:54:52 INFO  epoch 61 training [time: 0.41s, train_loss1: 9.2801, train_loss2: 8.7817, train_loss3: 1.1259, train_loss4: 8.7570, train_loss5: 13.0773]
Sat 04 Apr 2026 20:54:52 INFO  epoch 61 evaluating [time: 0.14s, valid_score: 0.065000]
Sat 04 Apr 2026 20:54:52 INFO  valid result: 
recall@10 : 0.0839    mrr@10 : 0.1109    ndcg@10 : 0.065    hit@10 : 0.3215    precision@10 : 0.0387
Sat 04 Apr 2026 20:54:52 INFO  epoch 62 training [time: 0.37s, train_loss1: 9.3123, train_loss2: 8.8231, train_loss3: 1.1069, train_loss4: 8.7927, train_loss5: 13.0291]
Sat 04 Apr 2026 20:54:52 INFO  epoch 62 evaluating [time: 0.14s, valid_score: 0.068000]
Sat 04 Apr 2026 20:54:52 INFO  valid result: 
recall@10 : 0.0902    mrr@10 : 0.1164    ndcg@10 : 0.068    hit@10 : 0.3504    precision@10 : 0.0412
Sat 04 Apr 2026 20:54:52 INFO  Finished training, best eval result in epoch 51
Sat 04 Apr 2026 20:54:52 INFO  Loading model structure and parameters from saved\DICE-Apr-04-2026_20-54-16.pth
Sat 04 Apr 2026 20:54:52 INFO  best valid : OrderedDict({'recall@10': 0.0898, 'mrr@10': 0.1184, 'ndcg@10': 0.0699, 'hit@10': 0.3426, 'precision@10': 0.0415})
Sat 04 Apr 2026 20:54:52 INFO  test result: OrderedDict({'recall@10': 0.0881, 'mrr@10': 0.21, 'ndcg@10': 0.104, 'hit@10': 0.5227, 'precision@10': 0.08})
