Sat 04 Apr 2026 20:33:15 INFO  
General Hyper Parameters:
gpu_id = 0
use_gpu = True
seed = 2020
state = INFO
reproducibility = True
data_path = dataset/ml
checkpoint_dir = saved
show_progress = False
save_dataset = False
dataset_save_path = None
save_dataloaders = False
dataloaders_save_path = None
log_wandb = False

Training Hyper Parameters:
epochs = 200
train_batch_size = 256
learner = adam
learning_rate = 0.005
train_neg_sample_args = {'distribution': 'uniform', 'sample_num': 1, 'alpha': 1.0, 'dynamic': False, 'candidate_num': 0}
eval_step = 1
stopping_step = 10
clip_grad_norm = None
weight_decay = 0.0
loss_decimal_place = 4

Evaluation Hyper Parameters:
eval_args = {'mode': 'full', 'order': 'RO', 'group_by': 'user', 'split': {'RS': [0.8, 0.1, 0.1]}}
repeatable = False
metrics = ['Recall', 'MRR', 'NDCG', 'Hit', 'Precision']
topk = [10]
valid_metric = NDCG@10
valid_metric_bigger = True
eval_batch_size = 4096
metric_decimal_place = 4

Dataset Hyper Parameters:
field_separator = 	
seq_separator =  
USER_ID_FIELD = user_id
ITEM_ID_FIELD = item_id
RATING_FIELD = rating
TIME_FIELD = timestamp
seq_len = None
LABEL_FIELD = label
threshold = None
NEG_PREFIX = neg_
load_col = {'inter': ['user_id', 'item_id', 'rating', 'timestamp', 'intervene_mask']}
unload_col = None
unused_col = None
additional_feat_suffix = None
rm_dup_inter = None
val_interval = None
filter_inter_by_user_or_item = True
user_inter_num_interval = [0,inf)
item_inter_num_interval = [0,inf)
alias_of_user_id = None
alias_of_item_id = None
alias_of_entity_id = None
alias_of_relation_id = None
preload_weight = None
normalize_field = None
normalize_all = None
ITEM_LIST_LENGTH_FIELD = item_length
LIST_SUFFIX = _list
MAX_ITEM_LIST_LENGTH = 50
POSITION_FIELD = position_id
HEAD_ENTITY_ID_FIELD = head_id
TAIL_ENTITY_ID_FIELD = tail_id
RELATION_ID_FIELD = relation_id
ENTITY_ID_FIELD = entity_id
benchmark_filename = ['train', 'valid', 'test']

Other Hyper Parameters: 
worker = 0
wandb_project = recbole_debias
shuffle = True
require_pow = False
enable_amp = False
enable_scaler = False
transform = None
numerical_features = []
discretization = None
kg_reverse_r = False
entity_kg_num_interval = [0,inf)
relation_kg_num_interval = [0,inf)
MODEL_TYPE = ModelType.DEBIAS
embedding_size = 16
eta = 0.5
pscore_method = user
eval_neg_sample_args = {'distribution': 'uniform', 'sample_num': 'none'}
MODEL_INPUT_TYPE = InputType.POINTWISE
eval_type = EvaluatorType.RANKING
single_spec = True
local_rank = 0
device = cpu


Sat 04 Apr 2026 20:33:15 INFO  ml
The number of users: 944
Average actions of users: 79.33934252386003
The number of items: 1683
Average actions of items: 44.480975029726515
The number of inters: 74817
The sparsity of the dataset: 95.29083204930663%
Remain Fields: ['user_id', 'item_id', 'rating', 'timestamp', 'intervene_mask']
Sat 04 Apr 2026 20:33:15 INFO  [Training]: train_batch_size = [256] train_neg_sample_args: [{'distribution': 'uniform', 'sample_num': 1, 'alpha': 1.0, 'dynamic': False, 'candidate_num': 0}]
Sat 04 Apr 2026 20:33:15 INFO  [Evaluation]: eval_batch_size = [4096] eval_args: [{'mode': 'full', 'order': 'RO', 'group_by': 'user', 'split': {'RS': [0.8, 0.1, 0.1]}}]
Sat 04 Apr 2026 20:33:15 INFO  MF_IPS(
  (user_embedding): Embedding(944, 16)
  (item_embedding): Embedding(1683, 16)
  (loss): MSELoss()
  (sigmoid): Sigmoid()
)
Trainable parameters: 42032
Sat 04 Apr 2026 20:33:15 INFO  FLOPs: 32.0
Sat 04 Apr 2026 20:33:17 INFO  epoch 0 training [time: 0.48s, train loss: 316.1253]
Sat 04 Apr 2026 20:33:17 INFO  epoch 0 evaluating [time: 0.11s, valid_score: 0.035300]
Sat 04 Apr 2026 20:33:17 INFO  valid result: 
recall@10 : 0.0467    mrr@10 : 0.0634    ndcg@10 : 0.0353    hit@10 : 0.2091    precision@10 : 0.0226
Sat 04 Apr 2026 20:33:17 INFO  Saving current: saved\MF_IPS-Apr-04-2026_20-33-15.pth
Sat 04 Apr 2026 20:33:18 INFO  epoch 1 training [time: 0.47s, train loss: 151.3608]
Sat 04 Apr 2026 20:33:18 INFO  epoch 1 evaluating [time: 0.11s, valid_score: 0.045000]
Sat 04 Apr 2026 20:33:18 INFO  valid result: 
recall@10 : 0.0567    mrr@10 : 0.0845    ndcg@10 : 0.045    hit@10 : 0.2547    precision@10 : 0.0296
Sat 04 Apr 2026 20:33:18 INFO  Saving current: saved\MF_IPS-Apr-04-2026_20-33-15.pth
Sat 04 Apr 2026 20:33:18 INFO  epoch 2 training [time: 0.48s, train loss: 134.4576]
Sat 04 Apr 2026 20:33:18 INFO  epoch 2 evaluating [time: 0.12s, valid_score: 0.045200]
Sat 04 Apr 2026 20:33:18 INFO  valid result: 
recall@10 : 0.0549    mrr@10 : 0.0832    ndcg@10 : 0.0452    hit@10 : 0.2614    precision@10 : 0.0313
Sat 04 Apr 2026 20:33:18 INFO  Saving current: saved\MF_IPS-Apr-04-2026_20-33-15.pth
Sat 04 Apr 2026 20:33:19 INFO  epoch 3 training [time: 0.46s, train loss: 126.4103]
Sat 04 Apr 2026 20:33:19 INFO  epoch 3 evaluating [time: 0.10s, valid_score: 0.049700]
Sat 04 Apr 2026 20:33:19 INFO  valid result: 
recall@10 : 0.0622    mrr@10 : 0.089    ndcg@10 : 0.0497    hit@10 : 0.2747    precision@10 : 0.0324
Sat 04 Apr 2026 20:33:19 INFO  Saving current: saved\MF_IPS-Apr-04-2026_20-33-15.pth
Sat 04 Apr 2026 20:33:20 INFO  epoch 4 training [time: 0.47s, train loss: 122.1526]
Sat 04 Apr 2026 20:33:20 INFO  epoch 4 evaluating [time: 0.10s, valid_score: 0.056400]
Sat 04 Apr 2026 20:33:20 INFO  valid result: 
recall@10 : 0.0658    mrr@10 : 0.1051    ndcg@10 : 0.0564    hit@10 : 0.2925    precision@10 : 0.0352
Sat 04 Apr 2026 20:33:20 INFO  Saving current: saved\MF_IPS-Apr-04-2026_20-33-15.pth
Sat 04 Apr 2026 20:33:20 INFO  epoch 5 training [time: 0.46s, train loss: 119.0111]
Sat 04 Apr 2026 20:33:20 INFO  epoch 5 evaluating [time: 0.10s, valid_score: 0.055300]
Sat 04 Apr 2026 20:33:20 INFO  valid result: 
recall@10 : 0.0696    mrr@10 : 0.1023    ndcg@10 : 0.0553    hit@10 : 0.2925    precision@10 : 0.0345
Sat 04 Apr 2026 20:33:21 INFO  epoch 6 training [time: 0.47s, train loss: 117.3528]
Sat 04 Apr 2026 20:33:21 INFO  epoch 6 evaluating [time: 0.10s, valid_score: 0.055400]
Sat 04 Apr 2026 20:33:21 INFO  valid result: 
recall@10 : 0.0673    mrr@10 : 0.1043    ndcg@10 : 0.0554    hit@10 : 0.287    precision@10 : 0.0348
Sat 04 Apr 2026 20:33:21 INFO  epoch 7 training [time: 0.47s, train loss: 117.9011]
Sat 04 Apr 2026 20:33:21 INFO  epoch 7 evaluating [time: 0.11s, valid_score: 0.057100]
Sat 04 Apr 2026 20:33:21 INFO  valid result: 
recall@10 : 0.0723    mrr@10 : 0.1032    ndcg@10 : 0.0571    hit@10 : 0.3026    precision@10 : 0.0367
Sat 04 Apr 2026 20:33:21 INFO  Saving current: saved\MF_IPS-Apr-04-2026_20-33-15.pth
Sat 04 Apr 2026 20:33:22 INFO  epoch 8 training [time: 0.49s, train loss: 115.8301]
Sat 04 Apr 2026 20:33:22 INFO  epoch 8 evaluating [time: 0.10s, valid_score: 0.060300]
Sat 04 Apr 2026 20:33:22 INFO  valid result: 
recall@10 : 0.0787    mrr@10 : 0.1074    ndcg@10 : 0.0603    hit@10 : 0.3103    precision@10 : 0.0377
Sat 04 Apr 2026 20:33:22 INFO  Saving current: saved\MF_IPS-Apr-04-2026_20-33-15.pth
Sat 04 Apr 2026 20:33:22 INFO  epoch 9 training [time: 0.49s, train loss: 115.7141]
Sat 04 Apr 2026 20:33:23 INFO  epoch 9 evaluating [time: 0.11s, valid_score: 0.061600]
Sat 04 Apr 2026 20:33:23 INFO  valid result: 
recall@10 : 0.0752    mrr@10 : 0.112    ndcg@10 : 0.0616    hit@10 : 0.307    precision@10 : 0.0374
Sat 04 Apr 2026 20:33:23 INFO  Saving current: saved\MF_IPS-Apr-04-2026_20-33-15.pth
Sat 04 Apr 2026 20:33:23 INFO  epoch 10 training [time: 0.52s, train loss: 115.1060]
Sat 04 Apr 2026 20:33:23 INFO  epoch 10 evaluating [time: 0.11s, valid_score: 0.066300]
Sat 04 Apr 2026 20:33:23 INFO  valid result: 
recall@10 : 0.0864    mrr@10 : 0.1126    ndcg@10 : 0.0663    hit@10 : 0.327    precision@10 : 0.04
Sat 04 Apr 2026 20:33:23 INFO  Saving current: saved\MF_IPS-Apr-04-2026_20-33-15.pth
Sat 04 Apr 2026 20:33:24 INFO  epoch 11 training [time: 0.54s, train loss: 114.0032]
Sat 04 Apr 2026 20:33:24 INFO  epoch 11 evaluating [time: 0.11s, valid_score: 0.061400]
Sat 04 Apr 2026 20:33:24 INFO  valid result: 
recall@10 : 0.0783    mrr@10 : 0.1061    ndcg@10 : 0.0614    hit@10 : 0.3304    precision@10 : 0.0404
Sat 04 Apr 2026 20:33:24 INFO  epoch 12 training [time: 0.49s, train loss: 114.6880]
Sat 04 Apr 2026 20:33:24 INFO  epoch 12 evaluating [time: 0.10s, valid_score: 0.061800]
Sat 04 Apr 2026 20:33:24 INFO  valid result: 
recall@10 : 0.0799    mrr@10 : 0.108    ndcg@10 : 0.0618    hit@10 : 0.3126    precision@10 : 0.0378
Sat 04 Apr 2026 20:33:25 INFO  epoch 13 training [time: 0.48s, train loss: 113.8740]
Sat 04 Apr 2026 20:33:25 INFO  epoch 13 evaluating [time: 0.10s, valid_score: 0.066400]
Sat 04 Apr 2026 20:33:25 INFO  valid result: 
recall@10 : 0.0826    mrr@10 : 0.1166    ndcg@10 : 0.0664    hit@10 : 0.3382    precision@10 : 0.041
Sat 04 Apr 2026 20:33:25 INFO  Saving current: saved\MF_IPS-Apr-04-2026_20-33-15.pth
Sat 04 Apr 2026 20:33:25 INFO  epoch 14 training [time: 0.48s, train loss: 113.2537]
Sat 04 Apr 2026 20:33:26 INFO  epoch 14 evaluating [time: 0.10s, valid_score: 0.062400]
Sat 04 Apr 2026 20:33:26 INFO  valid result: 
recall@10 : 0.0827    mrr@10 : 0.1069    ndcg@10 : 0.0624    hit@10 : 0.3281    precision@10 : 0.0386
Sat 04 Apr 2026 20:33:26 INFO  epoch 15 training [time: 0.48s, train loss: 113.6918]
Sat 04 Apr 2026 20:33:26 INFO  epoch 15 evaluating [time: 0.11s, valid_score: 0.062100]
Sat 04 Apr 2026 20:33:26 INFO  valid result: 
recall@10 : 0.0787    mrr@10 : 0.1093    ndcg@10 : 0.0621    hit@10 : 0.3237    precision@10 : 0.039
Sat 04 Apr 2026 20:33:27 INFO  epoch 16 training [time: 0.48s, train loss: 112.9443]
Sat 04 Apr 2026 20:33:27 INFO  epoch 16 evaluating [time: 0.11s, valid_score: 0.059000]
Sat 04 Apr 2026 20:33:27 INFO  valid result: 
recall@10 : 0.0766    mrr@10 : 0.1003    ndcg@10 : 0.059    hit@10 : 0.307    precision@10 : 0.037
Sat 04 Apr 2026 20:33:27 INFO  epoch 17 training [time: 0.48s, train loss: 112.5170]
Sat 04 Apr 2026 20:33:27 INFO  epoch 17 evaluating [time: 0.11s, valid_score: 0.062500]
Sat 04 Apr 2026 20:33:27 INFO  valid result: 
recall@10 : 0.0824    mrr@10 : 0.1067    ndcg@10 : 0.0625    hit@10 : 0.3215    precision@10 : 0.038
Sat 04 Apr 2026 20:33:28 INFO  epoch 18 training [time: 0.48s, train loss: 112.4642]
Sat 04 Apr 2026 20:33:28 INFO  epoch 18 evaluating [time: 0.11s, valid_score: 0.059900]
Sat 04 Apr 2026 20:33:28 INFO  valid result: 
recall@10 : 0.0746    mrr@10 : 0.1063    ndcg@10 : 0.0599    hit@10 : 0.297    precision@10 : 0.0365
Sat 04 Apr 2026 20:33:28 INFO  epoch 19 training [time: 0.47s, train loss: 112.2310]
Sat 04 Apr 2026 20:33:29 INFO  epoch 19 evaluating [time: 0.11s, valid_score: 0.059900]
Sat 04 Apr 2026 20:33:29 INFO  valid result: 
recall@10 : 0.0757    mrr@10 : 0.1044    ndcg@10 : 0.0599    hit@10 : 0.3081    precision@10 : 0.0367
Sat 04 Apr 2026 20:33:29 INFO  epoch 20 training [time: 0.50s, train loss: 112.5872]
Sat 04 Apr 2026 20:33:29 INFO  epoch 20 evaluating [time: 0.11s, valid_score: 0.055900]
Sat 04 Apr 2026 20:33:29 INFO  valid result: 
recall@10 : 0.0694    mrr@10 : 0.103    ndcg@10 : 0.0559    hit@10 : 0.3026    precision@10 : 0.0357
Sat 04 Apr 2026 20:33:30 INFO  epoch 21 training [time: 0.46s, train loss: 111.8885]
Sat 04 Apr 2026 20:33:30 INFO  epoch 21 evaluating [time: 0.11s, valid_score: 0.061500]
Sat 04 Apr 2026 20:33:30 INFO  valid result: 
recall@10 : 0.0752    mrr@10 : 0.1126    ndcg@10 : 0.0615    hit@10 : 0.3204    precision@10 : 0.0384
Sat 04 Apr 2026 20:33:30 INFO  epoch 22 training [time: 0.47s, train loss: 112.3475]
Sat 04 Apr 2026 20:33:30 INFO  epoch 22 evaluating [time: 0.10s, valid_score: 0.057700]
Sat 04 Apr 2026 20:33:30 INFO  valid result: 
recall@10 : 0.071    mrr@10 : 0.1041    ndcg@10 : 0.0577    hit@10 : 0.2959    precision@10 : 0.0356
Sat 04 Apr 2026 20:33:31 INFO  epoch 23 training [time: 0.51s, train loss: 112.5273]
Sat 04 Apr 2026 20:33:31 INFO  epoch 23 evaluating [time: 0.11s, valid_score: 0.061700]
Sat 04 Apr 2026 20:33:31 INFO  valid result: 
recall@10 : 0.0796    mrr@10 : 0.11    ndcg@10 : 0.0617    hit@10 : 0.327    precision@10 : 0.0392
Sat 04 Apr 2026 20:33:31 INFO  epoch 24 training [time: 0.49s, train loss: 111.8100]
Sat 04 Apr 2026 20:33:32 INFO  epoch 24 evaluating [time: 0.11s, valid_score: 0.065300]
Sat 04 Apr 2026 20:33:32 INFO  valid result: 
recall@10 : 0.0819    mrr@10 : 0.1188    ndcg@10 : 0.0653    hit@10 : 0.3192    precision@10 : 0.0395
Sat 04 Apr 2026 20:33:32 INFO  Finished training, best eval result in epoch 13
